<?xml version="1.0" encoding="UTF-8"?>
<!-- Generated by org.testng.reporters.JUnitXMLReporter -->
<testsuite ignored="0" hostname="DESKTOP-GKD2DOT" failures="0" tests="4" name="Default test" time="91.576" errors="0" timestamp="2024-09-19T13:34:22 EEST">
  <testcase classname="YarnTenantPortal.AutomationTestCases.submitRequest" name="testOpenTenantPortal" time="0.883"/>
  <testcase classname="YarnTenantPortal.AutomationTestCases.submitRequest" name="enterCorrectCredentials" time="11.006"/>
  <testcase classname="YarnTenantPortal.AutomationTestCases.submitRequest" name="chooseServicesSearchAndSubmitRequest" time="61.286"/>
  <testcase classname="YarnTenantPortal.AutomationTestCases.submitRequest" name="checkNewRequestAdded" time="4.42"/>
</testsuite> <!-- Default test -->
