<?xml version="1.0" encoding="UTF-8"?>
<!-- Generated by org.testng.reporters.JUnitXMLReporter -->
<testsuite ignored="0" hostname="DESKTOP-GKD2DOT" failures="0" tests="2" name="Default test" time="203.01" errors="0" timestamp="2024-12-03T00:41:51 EET">
  <testcase classname="YarnTenantPortal.AutomationTestCases.visitorMultipleEntriesGroupOfVisitorsWithVehicleSaudiNonSaudiOneVisitorBlocked" name="chooseVisitorTabAndAddVisitor" time="177.988"/>
  <testcase classname="YarnTenantPortal.AutomationTestCases.visitorMultipleEntriesGroupOfVisitorsWithVehicleSaudiNonSaudiOneVisitorBlocked" name="checkDefaultVisitorStatus" time="0.003"/>
</testsuite> <!-- Default test -->
